<?xml version="1.0" encoding="UTF-8"?>
<!-- Generated by org.testng.reporters.JUnitReportReporter -->
<testsuite hostname="SILICUS214" name="com.test.LoginLogTest" tests="1" failures="0" timestamp="7 Nov 2019 11:18:12 GMT" time="12.154" errors="0">
  <testcase name="titleTest" time="12.154" classname="com.test.LoginLogTest"/>
</testsuite> <!-- com.test.LoginLogTest -->
