<?xml version="1.0" encoding="UTF-8"?>
<!-- Generated by org.testng.reporters.JUnitReportReporter -->
<testsuite hostname="SILICUS214" name="com.test.LoginLogTest" tests="1" failures="0" timestamp="7 Nov 2019 10:51:01 GMT" time="11.615" errors="0">
  <testcase name="titleTest" time="11.615" classname="com.test.LoginLogTest"/>
</testsuite> <!-- com.test.LoginLogTest -->
